[debug] [2021-04-17T05:31:06.795Z] ----------------------------------------------------------------------
[debug] [2021-04-17T05:31:06.797Z] Command:       C:\Program Files\nodejs\node.exe C:\Users\User\AppData\Roaming\npm\node_modules\firebase-tools\lib\bin\firebase.js init
[debug] [2021-04-17T05:31:06.798Z] CLI Version:   9.10.0
[debug] [2021-04-17T05:31:06.798Z] Platform:      win32
[debug] [2021-04-17T05:31:06.798Z] Node Version:  v14.15.1
[debug] [2021-04-17T05:31:06.799Z] Time:          Sat Apr 17 2021 11:01:06 GMT+0530 (India Standard Time)
[debug] [2021-04-17T05:31:06.800Z] ----------------------------------------------------------------------
[debug] 
[debug] [2021-04-17T05:31:06.808Z] > command requires scopes: ["email","openid","https://www.googleapis.com/auth/cloudplatformprojects.readonly","https://www.googleapis.com/auth/firebase","https://www.googleapis.com/auth/cloud-platform"]
[debug] [2021-04-17T05:31:06.808Z] > authorizing via signed-in user (desanjula99@gmail.com)
[info] 
     ######## #### ########  ######## ########     ###     ######  ########
     ##        ##  ##     ## ##       ##     ##  ##   ##  ##       ##
     ######    ##  ########  ######   ########  #########  ######  ######
     ##        ##  ##    ##  ##       ##     ## ##     ##       ## ##
     ##       #### ##     ## ######## ########  ##     ##  ######  ########

You're about to initialize a Firebase project in this directory:

  G:\NSBM\IP\retailAI-ip-cw\Web - Admin\client

[info] 
=== Project Setup
[info] 
[info] First, let's associate this project directory with a Firebase project.
[info] You can create multiple project aliases by running firebase use --add, 
[info] but for now we'll just set up a default project.
[info] 
[debug] [2021-04-17T05:31:16.238Z] > refreshing access token with scopes: []
[debug] [2021-04-17T05:31:16.238Z] >>> HTTP REQUEST POST https://www.googleapis.com/oauth2/v3/token  
 <request body omitted>
[debug] [2021-04-17T05:31:16.464Z] <<< HTTP RESPONSE 200 {"date":"Sat, 17 Apr 2021 05:30:56 GMT","cache-control":"no-cache, no-store, max-age=0, must-revalidate","pragma":"no-cache","expires":"Mon, 01 Jan 1990 00:00:00 GMT","content-type":"application/json; charset=utf-8","vary":"X-Origin, Referer, Origin,Accept-Encoding","server":"scaffolding on HTTPServer2","x-xss-protection":"0","x-frame-options":"SAMEORIGIN","x-content-type-options":"nosniff","alt-svc":"h3-29=\":443\"; ma=2592000,h3-T051=\":443\"; ma=2592000,h3-Q050=\":443\"; ma=2592000,h3-Q046=\":443\"; ma=2592000,h3-Q043=\":443\"; ma=2592000,quic=\":443\"; ma=2592000; v=\"46,43\"","accept-ranges":"none","transfer-encoding":"chunked"}
[debug] [2021-04-17T05:31:16.494Z] >>> [apiv2][query] GET https://firebase.googleapis.com/v1beta1/projects pageSize=100
[debug] [2021-04-17T05:31:17.138Z] <<< [apiv2][status] GET https://firebase.googleapis.com/v1beta1/projects 200
[debug] [2021-04-17T05:31:17.138Z] <<< [apiv2][body] GET https://firebase.googleapis.com/v1beta1/projects [omitted]
[debug] [2021-04-17T05:31:32.552Z] ----------------------------------------------------------------------
[debug] [2021-04-17T05:31:32.555Z] Command:       C:\Program Files\nodejs\node.exe C:\Users\User\AppData\Roaming\npm\node_modules\firebase-tools\lib\bin\firebase.js init
[debug] [2021-04-17T05:31:32.555Z] CLI Version:   9.10.0
[debug] [2021-04-17T05:31:32.555Z] Platform:      win32
[debug] [2021-04-17T05:31:32.555Z] Node Version:  v14.15.1
[debug] [2021-04-17T05:31:32.557Z] Time:          Sat Apr 17 2021 11:01:32 GMT+0530 (India Standard Time)
[debug] [2021-04-17T05:31:32.557Z] ----------------------------------------------------------------------
[debug] 
[debug] [2021-04-17T05:31:32.565Z] > command requires scopes: ["email","openid","https://www.googleapis.com/auth/cloudplatformprojects.readonly","https://www.googleapis.com/auth/firebase","https://www.googleapis.com/auth/cloud-platform"]
[debug] [2021-04-17T05:31:32.565Z] > authorizing via signed-in user (desanjula99@gmail.com)
[info] 
     ######## #### ########  ######## ########     ###     ######  ########
     ##        ##  ##     ## ##       ##     ##  ##   ##  ##       ##
     ######    ##  ########  ######   ########  #########  ######  ######
     ##        ##  ##    ##  ##       ##     ## ##     ##       ## ##
     ##       #### ##     ## ######## ########  ##     ##  ######  ########

You're about to initialize a Firebase project in this directory:

  G:\NSBM\IP\retailAI-ip-cw\Web - Admin\client

[info] 
=== Project Setup
[info] 
[info] First, let's associate this project directory with a Firebase project.
[info] You can create multiple project aliases by running firebase use --add, 
[info] but for now we'll just set up a default project.
[info] 
[debug] [2021-04-17T05:31:42.153Z] >>> [apiv2][query] GET https://firebase.googleapis.com/v1beta1/availableProjects pageSize=100
[debug] [2021-04-17T05:31:43.194Z] <<< [apiv2][status] GET https://firebase.googleapis.com/v1beta1/availableProjects 200
[debug] [2021-04-17T05:31:43.194Z] <<< [apiv2][body] GET https://firebase.googleapis.com/v1beta1/availableProjects [omitted]
[debug] [2021-04-17T05:32:33.389Z] ----------------------------------------------------------------------
[debug] [2021-04-17T05:32:33.391Z] Command:       C:\Program Files\nodejs\node.exe C:\Users\User\AppData\Roaming\npm\node_modules\firebase-tools\lib\bin\firebase.js init
[debug] [2021-04-17T05:32:33.392Z] CLI Version:   9.10.0
[debug] [2021-04-17T05:32:33.392Z] Platform:      win32
[debug] [2021-04-17T05:32:33.392Z] Node Version:  v14.15.1
[debug] [2021-04-17T05:32:33.393Z] Time:          Sat Apr 17 2021 11:02:33 GMT+0530 (India Standard Time)
[debug] [2021-04-17T05:32:33.394Z] ----------------------------------------------------------------------
[debug] 
[debug] [2021-04-17T05:32:33.402Z] > command requires scopes: ["email","openid","https://www.googleapis.com/auth/cloudplatformprojects.readonly","https://www.googleapis.com/auth/firebase","https://www.googleapis.com/auth/cloud-platform"]
[debug] [2021-04-17T05:32:33.402Z] > authorizing via signed-in user (desanjula99@gmail.com)
[info] 
     ######## #### ########  ######## ########     ###     ######  ########
     ##        ##  ##     ## ##       ##     ##  ##   ##  ##       ##
     ######    ##  ########  ######   ########  #########  ######  ######
     ##        ##  ##    ##  ##       ##     ## ##     ##       ## ##
     ##       #### ##     ## ######## ########  ##     ##  ######  ########

You're about to initialize a Firebase project in this directory:

  G:\NSBM\IP\retailAI-ip-cw\Web - Admin\client

[info] 
=== Project Setup
[info] 
[info] First, let's associate this project directory with a Firebase project.
[info] You can create multiple project aliases by running firebase use --add, 
[info] but for now we'll just set up a default project.
[info] 
[debug] [2021-04-17T05:33:08.384Z] >>> [apiv2][query] GET https://firebase.googleapis.com/v1beta1/projects pageSize=100
[debug] [2021-04-17T05:33:08.982Z] <<< [apiv2][status] GET https://firebase.googleapis.com/v1beta1/projects 200
[debug] [2021-04-17T05:33:08.983Z] <<< [apiv2][body] GET https://firebase.googleapis.com/v1beta1/projects [omitted]
